<?xml version="1.0" encoding="UTF-8"?>
<testng-results skipped="0" failed="0" ignored="0" total="1" passed="1">
  <reporter-output>
  </reporter-output>
  <suite name="Default suite" duration-ms="11873" started-at="2021-10-04T10:14:48Z" finished-at="2021-10-04T10:15:00Z">
    <groups>
    </groups>
    <test name="Default test" duration-ms="11873" started-at="2021-10-04T10:14:48Z" finished-at="2021-10-04T10:15:00Z">
      <class name="GotPhotoTest.GotPhoto_TESTNG">
        <test-method status="PASS" signature="LaunchBrowser()[pri:0, instance:GotPhotoTest.GotPhoto_TESTNG@dc24521]" name="LaunchBrowser" is-config="true" duration-ms="3520" started-at="2021-10-04T12:14:48Z" finished-at="2021-10-04T12:14:51Z">
          <reporter-output>
          </reporter-output>
        </test-method> <!-- LaunchBrowser -->
        <test-method status="PASS" signature="LoginShopApathoke()[pri:0, instance:GotPhotoTest.GotPhoto_TESTNG@dc24521]" name="LoginShopApathoke" duration-ms="3581" started-at="2021-10-04T12:14:52Z" finished-at="2021-10-04T12:14:55Z">
          <reporter-output>
          </reporter-output>
        </test-method> <!-- LoginShopApathoke -->
        <test-method status="PASS" signature="CloseBrowser()[pri:0, instance:GotPhotoTest.GotPhoto_TESTNG@dc24521]" name="CloseBrowser" is-config="true" duration-ms="4749" started-at="2021-10-04T12:14:55Z" finished-at="2021-10-04T12:15:00Z">
          <reporter-output>
          </reporter-output>
        </test-method> <!-- CloseBrowser -->
      </class> <!-- GotPhotoTest.GotPhoto_TESTNG -->
    </test> <!-- Default test -->
  </suite> <!-- Default suite -->
</testng-results>
